Fitter report for pacman
Tue Aug 28 23:38:18 2007
Quartus II Version 6.1 Build 201 11/27/2006 SJ Full Version


---------------------
; Table of Contents ;
---------------------
  1. Legal Notice
  2. Fitter Summary
  3. Fitter Settings
  4. Fitter Device Options
  5. Input Pins
  6. Output Pins
  7. All Package Pins
  8. Control Signals
  9. Global & Other Fast Signals
 10. Carry Chains
 11. Cascade Chains
 12. Embedded Cells
 13. Non-Global High Fan-Out Signals
 14. Peripheral Signals
 15. LAB
 16. Local Routing Interconnect
 17. LAB External Interconnect
 18. Row Interconnect
 19. LAB Column Interconnect
 20. LAB Column Interconnect
 21. Fitter Resource Usage Summary
 22. Fitter Resource Utilization by Entity
 23. Delay Chain Summary
 24. Fitter RAM Summary
 25. Pin-Out File
 26. Fitter Messages



----------------
; Legal Notice ;
----------------
Copyright (C) 1991-2006 Altera Corporation
Your use of Altera Corporation's design tools, logic functions 
and other software and tools, and its AMPP partner logic 
functions, and any output files from any of the foregoing 
(including device programming or simulation files), and any 
associated documentation or information are expressly subject 
to the terms and conditions of the Altera Program License 
Subscription Agreement, Altera MegaCore Function License 
Agreement, or other applicable license agreement, including, 
without limitation, that your use is for the sole purpose of 
programming logic devices manufactured by Altera and sold by 
Altera or its authorized distributors.  Please refer to the 
applicable agreement for further details.



+------------------------------------------------------------------+
; Fitter Summary                                                   ;
+-----------------------+------------------------------------------+
; Fitter Status         ; Successful - Tue Aug 28 23:38:18 2007    ;
; Quartus II Version    ; 6.1 Build 201 11/27/2006 SJ Full Version ;
; Revision Name         ; pacman                                   ;
; Top-level Entity Name ; pacman                                   ;
; Family                ; FLEX10K                                  ;
; Device                ; EPF10K70RC240-4                          ;
; Timing Models         ; Final                                    ;
; Total logic elements  ; 2,947 / 3,744 ( 79 % )                   ;
; Total pins            ; 28 / 189 ( 15 % )                        ;
; Total memory bits     ; 12,568 / 18,432 ( 68 % )                 ;
+-----------------------+------------------------------------------+


+------------------------------------------------------------------------------------------------------+
; Fitter Settings                                                                                      ;
+------------------------------------------------------------+--------------------+--------------------+
; Option                                                     ; Setting            ; Default Value      ;
+------------------------------------------------------------+--------------------+--------------------+
; Device                                                     ; EPF10K70RC240-4    ;                    ;
; Router Timing Optimization Level                           ; MAXIMUM            ; Normal             ;
; Placement Effort Multiplier                                ; 4.0                ; 1.0                ;
; Router Effort Multiplier                                   ; 4.0                ; 1.0                ;
; Fitter Effort                                              ; Standard Fit       ; Auto Fit           ;
; Optimize Timing                                            ; Normal compilation ; Normal compilation ;
; Optimize IOC Register Placement for Timing                 ; On                 ; On                 ;
; Limit to One Fitting Attempt                               ; Off                ; Off                ;
; Final Placement Optimizations                              ; Automatically      ; Automatically      ;
; Fitter Aggressive Routability Optimizations                ; Automatically      ; Automatically      ;
; Fitter Initial Placement Seed                              ; 1                  ; 1                  ;
; Slow Slew Rate                                             ; Off                ; Off                ;
; Auto Global Memory Control Signals                         ; Off                ; Off                ;
; Logic Cell Insertion - Individual Logic Cells              ; On                 ; On                 ;
; Logic Cell Insertion - I/Os Fed By Carry or Cascade Chains ; On                 ; On                 ;
; Auto Global Clock                                          ; On                 ; On                 ;
; Auto Global Output Enable                                  ; On                 ; On                 ;
; Auto Global Register Control Signals                       ; On                 ; On                 ;
; Use smart compilation                                      ; Off                ; Off                ;
+------------------------------------------------------------+--------------------+--------------------+


+-------------------------------------------------------------------------+
; Fitter Device Options                                                   ;
+----------------------------------------------+--------------------------+
; Option                                       ; Setting                  ;
+----------------------------------------------+--------------------------+
; Enable user-supplied start-up clock (CLKUSR) ; Off                      ;
; Enable device-wide reset (DEV_CLRn)          ; Off                      ;
; Enable device-wide output enable (DEV_OE)    ; Off                      ;
; Enable INIT_DONE output                      ; Off                      ;
; Configuration scheme                         ; Passive Serial           ;
; Reserve all unused pins                      ; As output driving ground ;
; Base pin-out file on sameframe device        ; Off                      ;
+----------------------------------------------+--------------------------+


+--------------------------------------------------------------------------------------------------------------------------------------------------+
; Input Pins                                                                                                                                       ;
+------------------+-------+-----+------+---------+--------+--------------+-------------------------+---------------+---------------+--------------+
; Name             ; Pin # ; Row ; Col. ; Fan-Out ; Global ; I/O Register ; Use Local Routing Input ; Power Up High ; Single-Pin CE ; I/O Standard ;
+------------------+-------+-----+------+---------+--------+--------------+-------------------------+---------------+---------------+--------------+
; clk_25MHz        ; 91    ; --  ; --   ; 272     ; yes    ; no           ; no                      ; no            ; no            ; TTL          ;
; reset_n          ; 28    ;  D  ; --   ; 1       ; no     ; no           ; no                      ; no            ; no            ; TTL          ;
; game_controls[4] ; 45    ;  G  ; --   ; 1       ; no     ; no           ; no                      ; no            ; no            ; TTL          ;
; game_speed[1]    ; 41    ;  F  ; --   ; 1       ; no     ; no           ; no                      ; no            ; no            ; TTL          ;
; game_speed[0]    ; 40    ;  F  ; --   ; 1       ; no     ; no           ; no                      ; no            ; no            ; TTL          ;
; game_controls[0] ; 50    ;  H  ; --   ; 1       ; no     ; no           ; no                      ; no            ; no            ; TTL          ;
; game_controls[1] ; 49    ;  H  ; --   ; 1       ; no     ; no           ; no                      ; no            ; no            ; TTL          ;
; game_controls[3] ; 46    ;  H  ; --   ; 1       ; no     ; no           ; no                      ; no            ; no            ; TTL          ;
; game_controls[2] ; 48    ;  H  ; --   ; 1       ; no     ; no           ; no                      ; no            ; no            ; TTL          ;
+------------------+-------+-----+------+---------+--------+--------------+-------------------------+---------------+---------------+--------------+


+-----------------------------------------------------------------------------------------------------------------------------------------------------------------------------------------+
; Output Pins                                                                                                                                                                             ;
+-------------+-------+-----+------+--------------+--------------------------+---------------+----------------+---------------+---------------+------------+---------------+--------------+
; Name        ; Pin # ; Row ; Col. ; I/O Register ; Use Local Routing Output ; Power Up High ; Slow Slew Rate ; Single-Pin OE ; Single-Pin CE ; Open Drain ; TRI Primitive ; I/O Standard ;
+-------------+-------+-----+------+--------------+--------------------------+---------------+----------------+---------------+---------------+------------+---------------+--------------+
; horz_sync   ; 240   ; --  ; 52   ; no           ; no                       ; no            ; no             ; no            ; no            ; no         ; no            ; TTL          ;
; vert_sync   ; 239   ; --  ; 51   ; no           ; no                       ; no            ; no             ; no            ; no            ; no         ; no            ; TTL          ;
; red         ; 236   ; --  ; 48   ; no           ; no                       ; no            ; no             ; no            ; no            ; no         ; no            ; TTL          ;
; green       ; 237   ; --  ; 48   ; no           ; no                       ; no            ; no             ; no            ; no            ; no         ; no            ; TTL          ;
; blue        ; 238   ; --  ; 49   ; no           ; no                       ; no            ; no             ; no            ; no            ; no         ; no            ; TTL          ;
; display[0]  ; 76    ; --  ; 37   ; no           ; no                       ; no            ; no             ; no            ; no            ; no         ; no            ; TTL          ;
; display[1]  ; 74    ; --  ; 39   ; no           ; no                       ; no            ; no             ; no            ; no            ; no         ; no            ; TTL          ;
; display[2]  ; 95    ; --  ; 25   ; no           ; no                       ; no            ; no             ; no            ; no            ; no         ; no            ; TTL          ;
; display[3]  ; 7     ;  A  ; --   ; no           ; no                       ; no            ; no             ; no            ; no            ; no         ; no            ; TTL          ;
; display[4]  ; 146   ;  F  ; --   ; no           ; no                       ; no            ; no             ; no            ; no            ; no         ; no            ; TTL          ;
; display[5]  ; 136   ;  H  ; --   ; no           ; no                       ; no            ; no             ; no            ; no            ; no         ; no            ; TTL          ;
; display[6]  ; 138   ;  G  ; --   ; no           ; no                       ; no            ; no             ; no            ; no            ; no         ; no            ; TTL          ;
; display[7]  ; 164   ;  C  ; --   ; no           ; no                       ; no            ; no             ; no            ; no            ; no         ; no            ; TTL          ;
; display[8]  ; 88    ; --  ; 27   ; no           ; no                       ; no            ; no             ; no            ; no            ; no         ; no            ; TTL          ;
; display[9]  ; 190   ; --  ; 11   ; no           ; no                       ; no            ; no             ; no            ; no            ; no         ; no            ; TTL          ;
; display[10] ; 162   ;  C  ; --   ; no           ; no                       ; no            ; no             ; no            ; no            ; no         ; no            ; TTL          ;
; display[11] ; 213   ; --  ; 27   ; no           ; no                       ; no            ; no             ; no            ; no            ; no         ; no            ; TTL          ;
; display[12] ; 172   ;  A  ; --   ; no           ; no                       ; no            ; no             ; no            ; no            ; no         ; no            ; TTL          ;
; display[13] ; 143   ;  G  ; --   ; no           ; no                       ; no            ; no             ; no            ; no            ; no         ; no            ; TTL          ;
+-------------+-------+-----+------+--------------+--------------------------+---------------+----------------+---------------+---------------+------------+---------------+--------------+


+-----------------------------------------+
; All Package Pins                        ;
+-------+------------------+--------------+
; Pin # ; Usage            ; I/O Standard ;
+-------+------------------+--------------+
; 1     ; #TCK             ;              ;
; 2     ; ^CONF_DONE       ;              ;
; 3     ; ^nCEO            ;              ;
; 4     ; #TDO             ;              ;
; 5     ; VCC_INT          ;              ;
; 6     ; GND*             ;              ;
; 7     ; display[3]       ; TTL          ;
; 8     ; GND*             ;              ;
; 9     ; GND*             ;              ;
; 10    ; GND_INT          ;              ;
; 11    ; GND*             ;              ;
; 12    ; GND*             ;              ;
; 13    ; GND*             ;              ;
; 14    ; GND*             ;              ;
; 15    ; GND*             ;              ;
; 16    ; VCC_INT          ;              ;
; 17    ; GND*             ;              ;
; 18    ; GND*             ;              ;
; 19    ; GND*             ;              ;
; 20    ; GND*             ;              ;
; 21    ; GND*             ;              ;
; 22    ; GND_INT          ;              ;
; 23    ; GND*             ;              ;
; 24    ; GND*             ;              ;
; 25    ; GND*             ;              ;
; 26    ; GND*             ;              ;
; 27    ; VCC_INT          ;              ;
; 28    ; reset_n          ; TTL          ;
; 29    ; GND*             ;              ;
; 30    ; GND*             ;              ;
; 31    ; GND*             ;              ;
; 32    ; GND_INT          ;              ;
; 33    ; GND*             ;              ;
; 34    ; GND*             ;              ;
; 35    ; GND*             ;              ;
; 36    ; GND*             ;              ;
; 37    ; VCC_INT          ;              ;
; 38    ; GND*             ;              ;
; 39    ; GND*             ;              ;
; 40    ; game_speed[0]    ; TTL          ;
; 41    ; game_speed[1]    ; TTL          ;
; 42    ; GND_INT          ;              ;
; 43    ; GND*             ;              ;
; 44    ; GND*             ;              ;
; 45    ; game_controls[4] ; TTL          ;
; 46    ; game_controls[3] ; TTL          ;
; 47    ; VCC_INT          ;              ;
; 48    ; game_controls[2] ; TTL          ;
; 49    ; game_controls[1] ; TTL          ;
; 50    ; game_controls[0] ; TTL          ;
; 51    ; GND*             ;              ;
; 52    ; GND_INT          ;              ;
; 53    ; GND*             ;              ;
; 54    ; GND*             ;              ;
; 55    ; GND*             ;              ;
; 56    ; GND*             ;              ;
; 57    ; VCC_INT          ;              ;
; 58    ; #TMS             ;              ;
; 59    ; #TRST            ;              ;
; 60    ; ^nSTATUS         ;              ;
; 61    ; GND*             ;              ;
; 62    ; GND*             ;              ;
; 63    ; GND*             ;              ;
; 64    ; GND*             ;              ;
; 65    ; GND*             ;              ;
; 66    ; GND*             ;              ;
; 67    ; GND*             ;              ;
; 68    ; GND*             ;              ;
; 69    ; GND_INT          ;              ;
; 70    ; GND*             ;              ;
; 71    ; GND*             ;              ;
; 72    ; GND*             ;              ;
; 73    ; GND*             ;              ;
; 74    ; display[1]       ; TTL          ;
; 75    ; GND*             ;              ;
; 76    ; display[0]       ; TTL          ;
; 77    ; VCC_INT          ;              ;
; 78    ; GND*             ;              ;
; 79    ; GND*             ;              ;
; 80    ; GND*             ;              ;
; 81    ; GND*             ;              ;
; 82    ; GND*             ;              ;
; 83    ; GND*             ;              ;
; 84    ; GND*             ;              ;
; 85    ; GND_INT          ;              ;
; 86    ; GND*             ;              ;
; 87    ; GND*             ;              ;
; 88    ; display[8]       ; TTL          ;
; 89    ; VCC_INT          ;              ;
; 90    ; GND+             ;              ;
; 91    ; clk_25MHz        ; TTL          ;
; 92    ; GND+             ;              ;
; 93    ; GND_INT          ;              ;
; 94    ; GND*             ;              ;
; 95    ; display[2]       ; TTL          ;
; 96    ; VCC_INT          ;              ;
; 97    ; GND*             ;              ;
; 98    ; GND*             ;              ;
; 99    ; GND*             ;              ;
; 100   ; GND*             ;              ;
; 101   ; GND*             ;              ;
; 102   ; GND*             ;              ;
; 103   ; GND*             ;              ;
; 104   ; GND_INT          ;              ;
; 105   ; GND*             ;              ;
; 106   ; GND*             ;              ;
; 107   ; GND*             ;              ;
; 108   ; GND*             ;              ;
; 109   ; GND*             ;              ;
; 110   ; GND*             ;              ;
; 111   ; GND*             ;              ;
; 112   ; VCC_INT          ;              ;
; 113   ; GND*             ;              ;
; 114   ; GND*             ;              ;
; 115   ; GND*             ;              ;
; 116   ; GND*             ;              ;
; 117   ; GND*             ;              ;
; 118   ; GND*             ;              ;
; 119   ; GND*             ;              ;
; 120   ; GND*             ;              ;
; 121   ; ^nCONFIG         ;              ;
; 122   ; VCC_INT          ;              ;
; 123   ; ^MSEL1           ;              ;
; 124   ; ^MSEL0           ;              ;
; 125   ; GND_INT          ;              ;
; 126   ; GND*             ;              ;
; 127   ; GND*             ;              ;
; 128   ; GND*             ;              ;
; 129   ; GND*             ;              ;
; 130   ; VCC_INT          ;              ;
; 131   ; GND*             ;              ;
; 132   ; GND*             ;              ;
; 133   ; GND*             ;              ;
; 134   ; GND*             ;              ;
; 135   ; GND_INT          ;              ;
; 136   ; display[5]       ; TTL          ;
; 137   ; GND*             ;              ;
; 138   ; display[6]       ; TTL          ;
; 139   ; GND*             ;              ;
; 140   ; VCC_INT          ;              ;
; 141   ; GND*             ;              ;
; 142   ; GND*             ;              ;
; 143   ; display[13]      ; TTL          ;
; 144   ; GND*             ;              ;
; 145   ; GND_INT          ;              ;
; 146   ; display[4]       ; TTL          ;
; 147   ; GND*             ;              ;
; 148   ; GND*             ;              ;
; 149   ; GND*             ;              ;
; 150   ; VCC_INT          ;              ;
; 151   ; GND*             ;              ;
; 152   ; GND*             ;              ;
; 153   ; GND*             ;              ;
; 154   ; GND*             ;              ;
; 155   ; GND_INT          ;              ;
; 156   ; GND*             ;              ;
; 157   ; GND*             ;              ;
; 158   ; GND*             ;              ;
; 159   ; GND*             ;              ;
; 160   ; VCC_INT          ;              ;
; 161   ; GND*             ;              ;
; 162   ; display[10]      ; TTL          ;
; 163   ; GND*             ;              ;
; 164   ; display[7]       ; TTL          ;
; 165   ; GND_INT          ;              ;
; 166   ; GND*             ;              ;
; 167   ; GND*             ;              ;
; 168   ; GND*             ;              ;
; 169   ; GND*             ;              ;
; 170   ; VCC_INT          ;              ;
; 171   ; GND*             ;              ;
; 172   ; display[12]      ; TTL          ;
; 173   ; GND*             ;              ;
; 174   ; GND*             ;              ;
; 175   ; GND*             ;              ;
; 176   ; GND_INT          ;              ;
; 177   ; #TDI             ;              ;
; 178   ; ^nCE             ;              ;
; 179   ; ^DCLK            ;              ;
; 180   ; ^DATA0           ;              ;
; 181   ; GND*             ;              ;
; 182   ; GND*             ;              ;
; 183   ; GND*             ;              ;
; 184   ; GND*             ;              ;
; 185   ; GND*             ;              ;
; 186   ; GND*             ;              ;
; 187   ; GND*             ;              ;
; 188   ; GND*             ;              ;
; 189   ; VCC_INT          ;              ;
; 190   ; display[9]       ; TTL          ;
; 191   ; GND*             ;              ;
; 192   ; GND*             ;              ;
; 193   ; GND*             ;              ;
; 194   ; GND*             ;              ;
; 195   ; GND*             ;              ;
; 196   ; GND*             ;              ;
; 197   ; GND_INT          ;              ;
; 198   ; GND*             ;              ;
; 199   ; GND*             ;              ;
; 200   ; GND*             ;              ;
; 201   ; GND*             ;              ;
; 202   ; GND*             ;              ;
; 203   ; GND*             ;              ;
; 204   ; GND*             ;              ;
; 205   ; VCC_INT          ;              ;
; 206   ; GND*             ;              ;
; 207   ; GND*             ;              ;
; 208   ; GND*             ;              ;
; 209   ; GND*             ;              ;
; 210   ; GND+             ;              ;
; 211   ; GND+             ;              ;
; 212   ; GND+             ;              ;
; 213   ; display[11]      ; TTL          ;
; 214   ; GND*             ;              ;
; 215   ; GND*             ;              ;
; 216   ; GND_INT          ;              ;
; 217   ; GND*             ;              ;
; 218   ; GND*             ;              ;
; 219   ; GND*             ;              ;
; 220   ; GND*             ;              ;
; 221   ; GND*             ;              ;
; 222   ; GND*             ;              ;
; 223   ; GND*             ;              ;
; 224   ; VCC_INT          ;              ;
; 225   ; GND*             ;              ;
; 226   ; GND*             ;              ;
; 227   ; GND*             ;              ;
; 228   ; GND*             ;              ;
; 229   ; GND*             ;              ;
; 230   ; GND*             ;              ;
; 231   ; GND*             ;              ;
; 232   ; GND_INT          ;              ;
; 233   ; GND*             ;              ;
; 234   ; GND*             ;              ;
; 235   ; GND*             ;              ;
; 236   ; red              ; TTL          ;
; 237   ; green            ; TTL          ;
; 238   ; blue             ; TTL          ;
; 239   ; vert_sync        ; TTL          ;
; 240   ; horz_sync        ; TTL          ;
+-------+------------------+--------------+


+-------------------------------------------------------------------------------------------------------------------------------------------------------------------+
; Control Signals                                                                                                                                                   ;
+---------------------------------------------------------------------------------------------------+---------+---------+----------------------------+--------------+
; Name                                                                                              ; Pin #   ; Fan-Out ; Usage                      ; Global Usage ;
+---------------------------------------------------------------------------------------------------+---------+---------+----------------------------+--------------+
; clk_25MHz                                                                                         ; 91      ; 272     ; Clock                      ; Pin          ;
; pacman_core:core_0|VGA_SYNC:vga_sync_0|h_count[4]                                                 ; LC1_C42 ; 6       ; Sync. load                 ; Non-global   ;
; debouncer:debouncer_0|output[0]                                                                   ; LC1_D48 ; 1004    ; Async. clear / Async. load ; Internal     ;
; pacman_core:core_0|clk_div:clk_div_1|lpm_counter:count_rtl_0|alt_counter_f10ke:wysi_counter|q[7]  ; LC8_E6  ; 500     ; Clock                      ; Non-global   ;
; pacman_core:core_0|clk_div:clk_div_3|lpm_counter:count_rtl_3|alt_counter_f10ke:wysi_counter|q[21] ; LC7_C35 ; 9       ; Clock                      ; Non-global   ;
; pacman_core:core_0|clk_div:clk_div_0|lpm_counter:count_rtl_1|alt_counter_f10ke:wysi_counter|q[3]  ; LC4_H1  ; 128     ; Clock                      ; Non-global   ;
; pacman_core:core_0|clk_div:clk_div_2|lpm_counter:count_rtl_5|alt_counter_f10ke:wysi_counter|q[10] ; LC6_H17 ; 36      ; Clock                      ; Non-global   ;
; pacman_core:core_0|VGA_SYNC:vga_sync_0|LessThan6~56                                               ; LC2_C51 ; 10      ; Clock enable               ; Non-global   ;
; pacman_core:core_0|bitmap_address[11]~14387                                                       ; LC3_F52 ; 1       ; Clock enable               ; Non-global   ;
; pacman_core:core_0|VGA_SYNC:vga_sync_0|LessThan7~61                                               ; LC5_H51 ; 9       ; Clock enable               ; Non-global   ;
; pacman_core:core_0|ram_0_write                                                                    ; LC5_D12 ; 3       ; Write enable               ; Non-global   ;
; pacman_core:core_0|comb~383                                                                       ; LC2_I2  ; 17      ; Clock enable               ; Non-global   ;
; pacman_core:core_0|Selector111~84                                                                 ; LC8_G5  ; 60      ; Clock                      ; Non-global   ;
; pacman_core:core_0|Selector64~84                                                                  ; LC7_G5  ; 60      ; Clock                      ; Non-global   ;
; pacman_core:core_0|Selector158~84                                                                 ; LC3_G5  ; 60      ; Clock                      ; Non-global   ;
; pacman_core:core_0|ghost_north_signal[0][2]~65                                                    ; LC1_A26 ; 3       ; Clock enable               ; Non-global   ;
; pacman_core:core_0|ghost_north_signal[1][2]~62                                                    ; LC1_E25 ; 3       ; Clock enable               ; Non-global   ;
; pacman_core:core_0|Selector205~84                                                                 ; LC2_G44 ; 60      ; Clock                      ; Non-global   ;
; pacman_core:core_0|ghost_north_signal[3][2]~68                                                    ; LC4_I27 ; 3       ; Clock enable               ; Non-global   ;
; pacman_core:core_0|WideNor0~75                                                                    ; LC1_D22 ; 13      ; Clock enable               ; Non-global   ;
; pacman_core:core_0|ghost_south_signal[1][2]~121                                                   ; LC7_E25 ; 3       ; Clock enable               ; Non-global   ;
; pacman_core:core_0|ghost_west_signal[1][2]~100                                                    ; LC2_E2  ; 3       ; Clock enable               ; Non-global   ;
; pacman_core:core_0|ghost_east_signal[1][2]~199                                                    ; LC6_E2  ; 3       ; Clock enable               ; Non-global   ;
; pacman_core:core_0|ghost_current_signal[1][0]~339                                                 ; LC7_E2  ; 3       ; Clock enable               ; Non-global   ;
; pacman_core:core_0|Selector155~78                                                                 ; LC7_E15 ; 14      ; Clock enable               ; Non-global   ;
; pacman_core:core_0|game_start_flags_signal[3]~911                                                 ; LC2_D14 ; 4       ; Clock enable               ; Non-global   ;
; pacman_core:core_0|pacman_south_signal[0]~31                                                      ; LC4_I29 ; 3       ; Clock enable               ; Non-global   ;
; pacman_core:core_0|pacman_north_signal[0]~17                                                      ; LC4_I32 ; 3       ; Clock enable               ; Non-global   ;
; pacman_core:core_0|ghost_south_signal[3][2]~125                                                   ; LC2_I42 ; 3       ; Clock enable               ; Non-global   ;
; pacman_core:core_0|ghost_north_signal[2][2]~71                                                    ; LC2_H22 ; 3       ; Clock enable               ; Non-global   ;
; pacman_core:core_0|ghost_south_signal[2][2]~127                                                   ; LC7_H22 ; 3       ; Clock enable               ; Non-global   ;
; pacman_core:core_0|ghost_south_signal[0][2]~123                                                   ; LC7_A26 ; 3       ; Clock enable               ; Non-global   ;
; pacman_core:core_0|Selector105~78                                                                 ; LC8_A37 ; 20      ; Clock enable               ; Non-global   ;
; pacman_core:core_0|Selector202~78                                                                 ; LC8_F15 ; 14      ; Clock enable               ; Non-global   ;
; pacman_core:core_0|Selector199~78                                                                 ; LC8_F18 ; 20      ; Clock enable               ; Non-global   ;
; pacman_core:core_0|Selector108~78                                                                 ; LC1_E43 ; 14      ; Clock enable               ; Non-global   ;
; pacman_core:core_0|Selector152~78                                                                 ; LC5_E43 ; 20      ; Clock enable               ; Non-global   ;
; pacman_core:core_0|Selector249~78                                                                 ; LC8_D49 ; 14      ; Clock enable               ; Non-global   ;
; pacman_core:core_0|Selector246~78                                                                 ; LC3_D42 ; 20      ; Clock enable               ; Non-global   ;
; pacman_core:core_0|pacman_current_signal[0]~67                                                    ; LC3_I32 ; 3       ; Clock enable               ; Non-global   ;
; pacman_core:core_0|ghost_west_signal[3][2]~102                                                    ; LC3_I42 ; 3       ; Clock enable               ; Non-global   ;
; pacman_core:core_0|ghost_east_signal[3][2]~207                                                    ; LC4_I42 ; 3       ; Clock enable               ; Non-global   ;
; pacman_core:core_0|ghost_current_signal[3][0]~337                                                 ; LC1_I42 ; 3       ; Clock enable               ; Non-global   ;
; pacman_core:core_0|ghost_west_signal[2][2]~103                                                    ; LC6_H6  ; 3       ; Clock enable               ; Non-global   ;
; pacman_core:core_0|ghost_east_signal[2][2]~211                                                    ; LC7_H6  ; 3       ; Clock enable               ; Non-global   ;
; pacman_core:core_0|ghost_current_signal[2][0]~341                                                 ; LC2_H6  ; 3       ; Clock enable               ; Non-global   ;
; pacman_core:core_0|ghost_west_signal[0][2]~101                                                    ; LC3_A33 ; 3       ; Clock enable               ; Non-global   ;
; pacman_core:core_0|ghost_east_signal[0][2]~203                                                    ; LC4_A33 ; 3       ; Clock enable               ; Non-global   ;
; pacman_core:core_0|ghost_current_signal[0][0]~343                                                 ; LC7_A33 ; 3       ; Clock enable               ; Non-global   ;
; pacman_core:core_0|clk_div:clk_div_pacman|count[1]                                                ; LC4_E23 ; 58      ; Clock                      ; Non-global   ;
; pacman_core:core_0|pacman_west_signal[0]~28                                                       ; LC5_I32 ; 3       ; Clock enable               ; Non-global   ;
; pacman_core:core_0|pacman_east_signal[0]~55                                                       ; LC1_I32 ; 3       ; Clock enable               ; Non-global   ;
; debouncer:debouncer_0|Equal14~92                                                                  ; LC6_G36 ; 40      ; Clock enable               ; Non-global   ;
; pacman_core:core_0|ghost_collision_signal[3]~331                                                  ; LC5_C1  ; 1       ; Clock enable               ; Non-global   ;
; pacman_core:core_0|clk_div_n:clk_div_n_0|clk                                                      ; LC1_E37 ; 3       ; Clock                      ; Non-global   ;
; pacman_core:core_0|ghost_collision_signal[1]~319                                                  ; LC3_C20 ; 1       ; Clock enable               ; Non-global   ;
; pacman_core:core_0|ghost_collision_signal[0]~323                                                  ; LC5_A5  ; 1       ; Clock enable               ; Non-global   ;
; pacman_core:core_0|ghost_collision_signal[2]~327                                                  ; LC8_H13 ; 1       ; Clock enable               ; Non-global   ;
+---------------------------------------------------------------------------------------------------+---------+---------+----------------------------+--------------+


+--------------------------------------------------------------+
; Global & Other Fast Signals                                  ;
+---------------------------------+---------+---------+--------+
; Name                            ; Pin #   ; Fan-Out ; Global ;
+---------------------------------+---------+---------+--------+
; clk_25MHz                       ; 91      ; 272     ; yes    ;
; debouncer:debouncer_0|output[0] ; LC1_D48 ; 1004    ; yes    ;
+---------------------------------+---------+---------+--------+


+---------------------------------------------+
; Carry Chains                                ;
+--------------------+------------------------+
; Carry Chain Length ; Number of Carry Chains ;
+--------------------+------------------------+
; 0 - 1              ; 0                      ;
; 2 - 3              ; 0                      ;
; 4 - 5              ; 9                      ;
; 6 - 7              ; 1                      ;
; 8 - 9              ; 10                     ;
; 10 - 11            ; 7                      ;
; 12 - 13            ; 0                      ;
; 14 - 15            ; 0                      ;
; 16 - 17            ; 0                      ;
; 18 - 19            ; 0                      ;
; 20 - 21            ; 0                      ;
; 22 - 23            ; 1                      ;
+--------------------+------------------------+


+----------------+
; Cascade Chains ;
+--------+-------+
; Length ; Count ;
+--------+-------+
; 3      ; 10    ;
; 2      ; 118   ;
+--------+-------+


+------------------------------------------------------------------------------------------+
; Embedded Cells                                                                           ;
+--------+------------------------------------------------------------------+------+-------+
; Cell # ; Name                                                             ; Mode ; Turbo ;
+--------+------------------------------------------------------------------+------+-------+
; EC1_B  ; pacman_core:core_0|lpm_rom:bitmap_2|altrom:srom|q[1]             ; RAM  ; Off   ;
; EC2_A  ; pacman_core:core_0|lpm_rom:bitmap_2|altrom:srom|q[0]             ; RAM  ; Off   ;
; EC2_B  ; pacman_core:core_0|lpm_rom:bitmap_0|altrom:srom|q[0]             ; RAM  ; Off   ;
; EC1_F  ; pacman_core:core_0|lpm_rom:bitmap_font|altrom:srom|segment[0][0] ; RAM  ; Off   ;
; EC1_D  ; pacman_core:core_0|lpm_rom:bitmap_1|altrom:srom|q[0]             ; RAM  ; Off   ;
; EC1_A  ; pacman_core:core_0|lpm_rom:bitmap_0|altrom:srom|q[1]             ; RAM  ; Off   ;
; EC1_I  ; pacman_core:core_0|lpm_ram_dq:ram_0|altram:sram|q[2]             ; RAM  ; Off   ;
; EC1_H  ; pacman_core:core_0|lpm_ram_dq:ram_0|altram:sram|q[1]             ; RAM  ; Off   ;
; EC2_I  ; pacman_core:core_0|lpm_ram_dq:ram_0|altram:sram|q[0]             ; RAM  ; Off   ;
; EC1_G  ; pacman_core:core_0|lpm_rom:rom_0|altrom:srom|q[2]                ; RAM  ; Off   ;
; EC1_E  ; pacman_core:core_0|lpm_rom:rom_0|altrom:srom|q[1]                ; RAM  ; Off   ;
; EC2_G  ; pacman_core:core_0|lpm_rom:rom_0|altrom:srom|q[0]                ; RAM  ; Off   ;
+--------+------------------------------------------------------------------+------+-------+


+---------------------------------------------------------------------------------------------------------------+
; Non-Global High Fan-Out Signals                                                                               ;
+-----------------------------------------------------------------------------------------------------+---------+
; Name                                                                                                ; Fan-Out ;
+-----------------------------------------------------------------------------------------------------+---------+
; pacman_core:core_0|clk_div:clk_div_1|lpm_counter:count_rtl_0|alt_counter_f10ke:wysi_counter|q[7]~0  ; 500     ;
; pacman_core:core_0|game_state.game_playing~168                                                      ; 141     ;
; pacman_core:core_0|clk_div:clk_div_0|lpm_counter:count_rtl_1|alt_counter_f10ke:wysi_counter|q[3]~0  ; 128     ;
; pacman_core:core_0|game_state.game_load_map_step_1~97                                               ; 71      ;
; pacman_core:core_0|game_state.game_splash~61                                                        ; 65      ;
; pacman_core:core_0|Selector111~86                                                                   ; 60      ;
; pacman_core:core_0|Selector205~86                                                                   ; 60      ;
; pacman_core:core_0|Selector64~86                                                                    ; 60      ;
; pacman_core:core_0|Selector158~86                                                                   ; 60      ;
; pacman_core:core_0|clk_div:clk_div_pacman|count[1]~1                                                ; 58      ;
; pacman_core:core_0|game_state.game_start~111                                                        ; 56      ;
; pacman_core:core_0|VGA_SYNC:vga_sync_0|pixel_column[7]~249                                          ; 51      ;
; pacman_core:core_0|game_state.game_start_splash~114                                                 ; 50      ;
; pacman_core:core_0|game_state.game_start_splash~112                                                 ; 50      ;
; pacman_core:core_0|VGA_SYNC:vga_sync_0|pixel_column[9]~247                                          ; 49      ;
; pacman_core:core_0|VGA_SYNC:vga_sync_0|pixel_row[5]~72                                              ; 49      ;
; pacman_core:core_0|VGA_SYNC:vga_sync_0|pixel_column[5]~251                                          ; 49      ;
; pacman_core:core_0|lpm_add_sub:Add0|addcore:adder|a_csnbuffer:result_node|cout[0]                   ; 46      ;
; pacman_core:core_0|VGA_SYNC:vga_sync_0|pixel_column[6]~248                                          ; 41      ;
; debouncer:debouncer_0|Equal14~96                                                                    ; 40      ;
; pacman_core:core_0|Equal71~68                                                                       ; 39      ;
; pacman_core:core_0|game_state.game_eat_pellet_start~83                                              ; 37      ;
; pacman_core:core_0|VGA_SYNC:vga_sync_0|pixel_column[8]~250                                          ; 37      ;
; pacman_core:core_0|clk_div:clk_div_2|lpm_counter:count_rtl_5|alt_counter_f10ke:wysi_counter|q[10]~0 ; 36      ;
; pacman_core:core_0|game_state.game_load_map_start~29                                                ; 35      ;
; pacman_core:core_0|WideNor3~31                                                                      ; 35      ;
; pacman_core:core_0|VGA_SYNC:vga_sync_0|pixel_row[4]~77                                              ; 34      ;
; pacman_core:core_0|game_state.game_start_splash~115                                                 ; 32      ;
; pacman_core:core_0|lpm_ram_dq:ram_0|altram:sram|q[2]                                                ; 31      ;
; pacman_core:core_0|lpm_ram_dq:ram_0|altram:sram|q[1]                                                ; 31      ;
; pacman_core:core_0|lpm_ram_dq:ram_0|altram:sram|q[0]                                                ; 31      ;
; pacman_core:core_0|VGA_SYNC:vga_sync_0|pixel_row[7]~69                                              ; 30      ;
; pacman_core:core_0|pacman_next[2]~3                                                                 ; 28      ;
; pacman_core:core_0|VGA_SYNC:vga_sync_0|pixel_row[6]~70                                              ; 26      ;
; pacman_core:core_0|Equal68~26                                                                       ; 26      ;
; pacman_core:core_0|Equal61~26                                                                       ; 26      ;
; pacman_core:core_0|video~507                                                                        ; 26      ;
; pacman_core:core_0|Equal47~26                                                                       ; 26      ;
; pacman_core:core_0|pacman_state~21                                                                  ; 26      ;
; pacman_core:core_0|pacman_next[1]~4                                                                 ; 25      ;
; pacman_core:core_0|pacman_next[0]~5                                                                 ; 25      ;
; pacman_core:core_0|Equal69~26                                                                       ; 25      ;
; pacman_core:core_0|Equal54~26                                                                       ; 25      ;
; pacman_core:core_0|Equal62~26                                                                       ; 25      ;
; pacman_core:core_0|Equal48~26                                                                       ; 25      ;
; pacman_core:core_0|Equal55~26                                                                       ; 24      ;
; pacman_core:core_0|VGA_SYNC:vga_sync_0|pixel_row[8]~71                                              ; 23      ;
; pacman_core:core_0|Equal70~26                                                                       ; 23      ;
; pacman_core:core_0|Equal63~26                                                                       ; 23      ;
; pacman_core:core_0|Equal56~26                                                                       ; 23      ;
+-----------------------------------------------------------------------------------------------------+---------+


+---------------------------------------------------------------------------------------------------------------------------------+
; Peripheral Signals                                                                                                              ;
+---------------------------------+---------+----------------------------+-----------------+---------------------------+----------+
; Peripheral Signal               ; Source  ; Usage                      ; Dedicated Clock ; Peripheral Control Signal ; Polarity ;
+---------------------------------+---------+----------------------------+-----------------+---------------------------+----------+
; debouncer:debouncer_0|output[0] ; LC1_D48 ; Async. clear / Async. load ; no              ; yes                       ; +ve      ;
+---------------------------------+---------+----------------------------+-----------------+---------------------------+----------+


+-------------------------------------------+
; LAB                                       ;
+--------------------------+----------------+
; Number of Logic Elements ; Number of LABs ;
+--------------------------+----------------+
; 0                        ; 35             ;
; 1                        ; 14             ;
; 2                        ; 12             ;
; 3                        ; 15             ;
; 4                        ; 12             ;
; 5                        ; 22             ;
; 6                        ; 37             ;
; 7                        ; 84             ;
; 8                        ; 237            ;
+--------------------------+----------------+


+----------------------------------------------+
; Local Routing Interconnect                   ;
+-----------------------------+----------------+
; Local Routing Interconnects ; Number of LABs ;
+-----------------------------+----------------+
; 0                           ; 84             ;
; 1                           ; 16             ;
; 2                           ; 28             ;
; 3                           ; 60             ;
; 4                           ; 83             ;
; 5                           ; 83             ;
; 6                           ; 70             ;
; 7                           ; 33             ;
; 8                           ; 11             ;
+-----------------------------+----------------+


+---------------------------------------------+
; LAB External Interconnect                   ;
+----------------------------+----------------+
; LAB External Interconnects ; Number of LABs ;
+----------------------------+----------------+
; 0 - 1                      ; 49             ;
; 2 - 3                      ; 30             ;
; 4 - 5                      ; 23             ;
; 6 - 7                      ; 56             ;
; 8 - 9                      ; 95             ;
; 10 - 11                    ; 105            ;
; 12 - 13                    ; 59             ;
; 14 - 15                    ; 22             ;
; 16 - 17                    ; 15             ;
; 18 - 19                    ; 9              ;
; 20 - 21                    ; 1              ;
; 22 - 23                    ; 4              ;
+----------------------------+----------------+


+-------------------------------------------------------------------------------------------+
; Row Interconnect                                                                          ;
+-------+----------------------+-----------------------------+------------------------------+
; Row   ; Interconnect Used    ; Left Half Interconnect Used ; Right Half Interconnect Used ;
+-------+----------------------+-----------------------------+------------------------------+
;  A    ;  106 / 208 ( 51 % )  ;  65 / 104 ( 63 % )          ;  57 / 104 ( 55 % )           ;
;  B    ;  105 / 208 ( 50 % )  ;  78 / 104 ( 75 % )          ;  67 / 104 ( 64 % )           ;
;  C    ;  82 / 208 ( 39 % )   ;  81 / 104 ( 78 % )          ;  31 / 104 ( 30 % )           ;
;  D    ;  63 / 208 ( 30 % )   ;  79 / 104 ( 76 % )          ;  62 / 104 ( 60 % )           ;
;  E    ;  87 / 208 ( 42 % )   ;  70 / 104 ( 67 % )          ;  68 / 104 ( 65 % )           ;
;  F    ;  69 / 208 ( 33 % )   ;  73 / 104 ( 70 % )          ;  68 / 104 ( 65 % )           ;
;  G    ;  41 / 208 ( 20 % )   ;  63 / 104 ( 61 % )          ;  45 / 104 ( 43 % )           ;
;  H    ;  124 / 208 ( 60 % )  ;  78 / 104 ( 75 % )          ;  64 / 104 ( 62 % )           ;
;  I    ;  129 / 208 ( 62 % )  ;  77 / 104 ( 74 % )          ;  65 / 104 ( 63 % )           ;
; Total ;  806 / 1872 ( 43 % ) ;  664 / 936 ( 71 % )         ;  527 / 936 ( 56 % )          ;
+-------+----------------------+-----------------------------+------------------------------+


+------------------------------+
; LAB Column Interconnect      ;
+-------+----------------------+
; Col.  ; Interconnect Used    ;
+-------+----------------------+
; 1     ;  5 / 24 ( 21 % )     ;
; 2     ;  11 / 24 ( 46 % )    ;
; 3     ;  9 / 24 ( 38 % )     ;
; 4     ;  7 / 24 ( 29 % )     ;
; 5     ;  13 / 24 ( 54 % )    ;
; 6     ;  9 / 24 ( 38 % )     ;
; 7     ;  12 / 24 ( 50 % )    ;
; 8     ;  11 / 24 ( 46 % )    ;
; 9     ;  14 / 24 ( 58 % )    ;
; 10    ;  8 / 24 ( 33 % )     ;
; 11    ;  12 / 24 ( 50 % )    ;
; 12    ;  10 / 24 ( 42 % )    ;
; 13    ;  5 / 24 ( 21 % )     ;
; 14    ;  9 / 24 ( 38 % )     ;
; 15    ;  10 / 24 ( 42 % )    ;
; 16    ;  9 / 24 ( 38 % )     ;
; 17    ;  5 / 24 ( 21 % )     ;
; 18    ;  7 / 24 ( 29 % )     ;
; 19    ;  9 / 24 ( 38 % )     ;
; 20    ;  8 / 24 ( 33 % )     ;
; 21    ;  12 / 24 ( 50 % )    ;
; 22    ;  13 / 24 ( 54 % )    ;
; 23    ;  9 / 24 ( 38 % )     ;
; 24    ;  8 / 24 ( 33 % )     ;
; 25    ;  12 / 24 ( 50 % )    ;
; 26    ;  14 / 24 ( 58 % )    ;
; 27    ;  9 / 24 ( 38 % )     ;
; 28    ;  11 / 24 ( 46 % )    ;
; 29    ;  7 / 24 ( 29 % )     ;
; 30    ;  8 / 24 ( 33 % )     ;
; 31    ;  4 / 24 ( 17 % )     ;
; 32    ;  5 / 24 ( 21 % )     ;
; 33    ;  5 / 24 ( 21 % )     ;
; 34    ;  6 / 24 ( 25 % )     ;
; 35    ;  6 / 24 ( 25 % )     ;
; 36    ;  13 / 24 ( 54 % )    ;
; 37    ;  7 / 24 ( 29 % )     ;
; 38    ;  6 / 24 ( 25 % )     ;
; 39    ;  4 / 24 ( 17 % )     ;
; 40    ;  5 / 24 ( 21 % )     ;
; 41    ;  9 / 24 ( 38 % )     ;
; 42    ;  12 / 24 ( 50 % )    ;
; 43    ;  4 / 24 ( 17 % )     ;
; 44    ;  8 / 24 ( 33 % )     ;
; 45    ;  11 / 24 ( 46 % )    ;
; 46    ;  6 / 24 ( 25 % )     ;
; 47    ;  7 / 24 ( 29 % )     ;
; 48    ;  6 / 24 ( 25 % )     ;
; 49    ;  5 / 24 ( 21 % )     ;
; 50    ;  7 / 24 ( 29 % )     ;
; 51    ;  7 / 24 ( 29 % )     ;
; 52    ;  7 / 24 ( 29 % )     ;
; Total ;  436 / 1248 ( 35 % ) ;
+-------+----------------------+


+---------------------------+
; LAB Column Interconnect   ;
+-------+-------------------+
; Col.  ; Interconnect Used ;
+-------+-------------------+
; 1     ;  10 / 24 ( 42 % ) ;
; Total ;  10 / 24 ( 42 % ) ;
+-------+-------------------+


+--------------------------------------------------------------------------------------------------------------------------------------+
; Fitter Resource Usage Summary                                                                                                        ;
+-----------------------------------+--------------------------------------------------------------------------------------------------+
; Resource                          ; Usage                                                                                            ;
+-----------------------------------+--------------------------------------------------------------------------------------------------+
; Total logic elements              ; 2,947 / 3,744 ( 79 % )                                                                           ;
; Registers                         ; 1,244 / 3,744 ( 33 % )                                                                           ;
; Logic elements in carry chains    ; 225                                                                                              ;
; User inserted logic elements      ; 0                                                                                                ;
; I/O pins                          ; 28 / 189 ( 15 % )                                                                                ;
;     -- Clock pins                 ; 1                                                                                                ;
;     -- Dedicated input pins       ; 1 / 4 ( 25 % )                                                                                   ;
; Global signals                    ; 2                                                                                                ;
; EABs                              ; 8 / 9 ( 89 % )                                                                                   ;
; Total memory bits                 ; 12,568 / 18,432 ( 68 % )                                                                         ;
; Total RAM block bits              ; 16,384 / 18,432 ( 89 % )                                                                         ;
; Maximum fan-out node              ; debouncer:debouncer_0|output[0]                                                                  ;
; Maximum fan-out                   ; 1004                                                                                             ;
; Highest non-global fan-out signal ; pacman_core:core_0|clk_div:clk_div_1|lpm_counter:count_rtl_0|alt_counter_f10ke:wysi_counter|q[7] ;
; Highest non-global fan-out        ; 500                                                                                              ;
; Total fan-out                     ; 11238                                                                                            ;
; Average fan-out                   ; 3.76                                                                                             ;
+-----------------------------------+--------------------------------------------------------------------------------------------------+


+----------------------------------------------------------------------------------------------------------------------------------------------------------------------------------------------------------------------------------------------------------------------------------------------------------+
; Fitter Resource Utilization by Entity                                                                                                                                                                                                                                                                    ;
+----------------------------------------------+-------------+--------------+-------------+------+--------------+-------------------+------------------+-----------------+------------+--------------------------------------------------------------------------------------------------------------------+
; Compilation Hierarchy Node                   ; Logic Cells ; LC Registers ; Memory Bits ; Pins ; LUT-Only LCs ; Register-Only LCs ; LUT/Register LCs ; Carry Chain LCs ; Packed LCs ; Full Hierarchy Name                                                                                                ;
+----------------------------------------------+-------------+--------------+-------------+------+--------------+-------------------+------------------+-----------------+------------+--------------------------------------------------------------------------------------------------------------------+
; |pacman                                      ; 2947 (0)    ; 1244         ; 12568       ; 28   ; 1703 (0)     ; 659 (0)           ; 585 (0)          ; 225 (0)         ; 0 (0)      ; |pacman                                                                                                            ;
;    |debouncer:debouncer_0|                   ; 72 (62)     ; 50           ; 0           ; 0    ; 22 (22)      ; 32 (32)           ; 18 (8)           ; 10 (0)          ; 0 (0)      ; |pacman|debouncer:debouncer_0                                                                                      ;
;       |lpm_counter:count_rtl_2|              ; 10 (0)      ; 10           ; 0           ; 0    ; 0 (0)        ; 0 (0)             ; 10 (0)           ; 10 (0)          ; 0 (0)      ; |pacman|debouncer:debouncer_0|lpm_counter:count_rtl_2                                                              ;
;          |alt_counter_f10ke:wysi_counter|    ; 10 (10)     ; 10           ; 0           ; 0    ; 0 (0)        ; 0 (0)             ; 10 (10)          ; 10 (10)         ; 0 (0)      ; |pacman|debouncer:debouncer_0|lpm_counter:count_rtl_2|alt_counter_f10ke:wysi_counter                               ;
;    |pacman_core:core_0|                      ; 2875 (2519) ; 1194         ; 12568       ; 0    ; 1681 (1492)  ; 627 (567)         ; 567 (460)        ; 215 (13)        ; 0 (0)      ; |pacman|pacman_core:core_0                                                                                         ;
;       |LFSR32:LFSR32_0|                      ; 36 (36)     ; 36           ; 0           ; 0    ; 0 (0)        ; 35 (35)           ; 1 (1)            ; 0 (0)           ; 0 (0)      ; |pacman|pacman_core:core_0|LFSR32:LFSR32_0                                                                         ;
;       |VGA_SYNC:vga_sync_0|                  ; 77 (58)     ; 48           ; 0           ; 0    ; 29 (20)      ; 25 (25)           ; 23 (13)          ; 21 (2)          ; 0 (0)      ; |pacman|pacman_core:core_0|VGA_SYNC:vga_sync_0                                                                     ;
;          |lpm_add_sub:Add0|                  ; 9 (0)       ; 0            ; 0           ; 0    ; 9 (0)        ; 0 (0)             ; 0 (0)            ; 9 (0)           ; 0 (0)      ; |pacman|pacman_core:core_0|VGA_SYNC:vga_sync_0|lpm_add_sub:Add0                                                    ;
;             |addcore:adder|                  ; 9 (1)       ; 0            ; 0           ; 0    ; 9 (1)        ; 0 (0)             ; 0 (0)            ; 9 (1)           ; 0 (0)      ; |pacman|pacman_core:core_0|VGA_SYNC:vga_sync_0|lpm_add_sub:Add0|addcore:adder                                      ;
;                |a_csnbuffer:result_node|     ; 8 (8)       ; 0            ; 0           ; 0    ; 8 (8)        ; 0 (0)             ; 0 (0)            ; 8 (8)           ; 0 (0)      ; |pacman|pacman_core:core_0|VGA_SYNC:vga_sync_0|lpm_add_sub:Add0|addcore:adder|a_csnbuffer:result_node              ;
;          |lpm_counter:v_count_rtl_8|         ; 10 (0)      ; 10           ; 0           ; 0    ; 0 (0)        ; 0 (0)             ; 10 (0)           ; 10 (0)          ; 0 (0)      ; |pacman|pacman_core:core_0|VGA_SYNC:vga_sync_0|lpm_counter:v_count_rtl_8                                           ;
;             |alt_counter_f10ke:wysi_counter| ; 10 (10)     ; 10           ; 0           ; 0    ; 0 (0)        ; 0 (0)             ; 10 (10)          ; 10 (10)         ; 0 (0)      ; |pacman|pacman_core:core_0|VGA_SYNC:vga_sync_0|lpm_counter:v_count_rtl_8|alt_counter_f10ke:wysi_counter            ;
;       |clk_div:clk_div_0|                    ; 4 (0)       ; 4            ; 0           ; 0    ; 0 (0)        ; 0 (0)             ; 4 (0)            ; 4 (0)           ; 0 (0)      ; |pacman|pacman_core:core_0|clk_div:clk_div_0                                                                       ;
;          |lpm_counter:count_rtl_1|           ; 4 (0)       ; 4            ; 0           ; 0    ; 0 (0)        ; 0 (0)             ; 4 (0)            ; 4 (0)           ; 0 (0)      ; |pacman|pacman_core:core_0|clk_div:clk_div_0|lpm_counter:count_rtl_1                                               ;
;             |alt_counter_f10ke:wysi_counter| ; 4 (4)       ; 4            ; 0           ; 0    ; 0 (0)        ; 0 (0)             ; 4 (4)            ; 4 (4)           ; 0 (0)      ; |pacman|pacman_core:core_0|clk_div:clk_div_0|lpm_counter:count_rtl_1|alt_counter_f10ke:wysi_counter                ;
;       |clk_div:clk_div_1|                    ; 8 (0)       ; 8            ; 0           ; 0    ; 0 (0)        ; 0 (0)             ; 8 (0)            ; 8 (0)           ; 0 (0)      ; |pacman|pacman_core:core_0|clk_div:clk_div_1                                                                       ;
;          |lpm_counter:count_rtl_0|           ; 8 (0)       ; 8            ; 0           ; 0    ; 0 (0)        ; 0 (0)             ; 8 (0)            ; 8 (0)           ; 0 (0)      ; |pacman|pacman_core:core_0|clk_div:clk_div_1|lpm_counter:count_rtl_0                                               ;
;             |alt_counter_f10ke:wysi_counter| ; 8 (8)       ; 8            ; 0           ; 0    ; 0 (0)        ; 0 (0)             ; 8 (8)            ; 8 (8)           ; 0 (0)      ; |pacman|pacman_core:core_0|clk_div:clk_div_1|lpm_counter:count_rtl_0|alt_counter_f10ke:wysi_counter                ;
;       |clk_div:clk_div_2|                    ; 11 (0)      ; 11           ; 0           ; 0    ; 0 (0)        ; 0 (0)             ; 11 (0)           ; 11 (0)          ; 0 (0)      ; |pacman|pacman_core:core_0|clk_div:clk_div_2                                                                       ;
;          |lpm_counter:count_rtl_5|           ; 11 (0)      ; 11           ; 0           ; 0    ; 0 (0)        ; 0 (0)             ; 11 (0)           ; 11 (0)          ; 0 (0)      ; |pacman|pacman_core:core_0|clk_div:clk_div_2|lpm_counter:count_rtl_5                                               ;
;             |alt_counter_f10ke:wysi_counter| ; 11 (11)     ; 11           ; 0           ; 0    ; 0 (0)        ; 0 (0)             ; 11 (11)          ; 11 (11)         ; 0 (0)      ; |pacman|pacman_core:core_0|clk_div:clk_div_2|lpm_counter:count_rtl_5|alt_counter_f10ke:wysi_counter                ;
;       |clk_div:clk_div_3|                    ; 22 (0)      ; 22           ; 0           ; 0    ; 0 (0)        ; 0 (0)             ; 22 (0)           ; 22 (0)          ; 0 (0)      ; |pacman|pacman_core:core_0|clk_div:clk_div_3                                                                       ;
;          |lpm_counter:count_rtl_3|           ; 22 (0)      ; 22           ; 0           ; 0    ; 0 (0)        ; 0 (0)             ; 22 (0)           ; 22 (0)          ; 0 (0)      ; |pacman|pacman_core:core_0|clk_div:clk_div_3|lpm_counter:count_rtl_3                                               ;
;             |alt_counter_f10ke:wysi_counter| ; 22 (22)     ; 22           ; 0           ; 0    ; 0 (0)        ; 0 (0)             ; 22 (22)          ; 22 (22)         ; 0 (0)      ; |pacman|pacman_core:core_0|clk_div:clk_div_3|lpm_counter:count_rtl_3|alt_counter_f10ke:wysi_counter                ;
;       |clk_div:clk_div_pacman|               ; 2 (2)       ; 2            ; 0           ; 0    ; 0 (0)        ; 0 (0)             ; 2 (2)            ; 0 (0)           ; 0 (0)      ; |pacman|pacman_core:core_0|clk_div:clk_div_pacman                                                                  ;
;       |clk_div_n:clk_div_n_0|                ; 13 (5)      ; 9            ; 0           ; 0    ; 4 (4)        ; 0 (0)             ; 9 (1)            ; 8 (0)           ; 0 (0)      ; |pacman|pacman_core:core_0|clk_div_n:clk_div_n_0                                                                   ;
;          |lpm_counter:count_rtl_9|           ; 8 (0)       ; 8            ; 0           ; 0    ; 0 (0)        ; 0 (0)             ; 8 (0)            ; 8 (0)           ; 0 (0)      ; |pacman|pacman_core:core_0|clk_div_n:clk_div_n_0|lpm_counter:count_rtl_9                                           ;
;             |alt_counter_f10ke:wysi_counter| ; 8 (8)       ; 8            ; 0           ; 0    ; 0 (0)        ; 0 (0)             ; 8 (8)            ; 8 (8)           ; 0 (0)      ; |pacman|pacman_core:core_0|clk_div_n:clk_div_n_0|lpm_counter:count_rtl_9|alt_counter_f10ke:wysi_counter            ;
;       |clk_div_n:clk_div_n_ghost_fast|       ; 15 (7)      ; 9            ; 0           ; 0    ; 6 (6)        ; 0 (0)             ; 9 (1)            ; 8 (0)           ; 0 (0)      ; |pacman|pacman_core:core_0|clk_div_n:clk_div_n_ghost_fast                                                          ;
;          |lpm_counter:count_rtl_4|           ; 8 (0)       ; 8            ; 0           ; 0    ; 0 (0)        ; 0 (0)             ; 8 (0)            ; 8 (0)           ; 0 (0)      ; |pacman|pacman_core:core_0|clk_div_n:clk_div_n_ghost_fast|lpm_counter:count_rtl_4                                  ;
;             |alt_counter_f10ke:wysi_counter| ; 8 (8)       ; 8            ; 0           ; 0    ; 0 (0)        ; 0 (0)             ; 8 (8)            ; 8 (8)           ; 0 (0)      ; |pacman|pacman_core:core_0|clk_div_n:clk_div_n_ghost_fast|lpm_counter:count_rtl_4|alt_counter_f10ke:wysi_counter   ;
;       |clk_div_n:clk_div_n_ghost_normal|     ; 12 (4)      ; 9            ; 0           ; 0    ; 3 (3)        ; 0 (0)             ; 9 (1)            ; 8 (0)           ; 0 (0)      ; |pacman|pacman_core:core_0|clk_div_n:clk_div_n_ghost_normal                                                        ;
;          |lpm_counter:count_rtl_6|           ; 8 (0)       ; 8            ; 0           ; 0    ; 0 (0)        ; 0 (0)             ; 8 (0)            ; 8 (0)           ; 0 (0)      ; |pacman|pacman_core:core_0|clk_div_n:clk_div_n_ghost_normal|lpm_counter:count_rtl_6                                ;
;             |alt_counter_f10ke:wysi_counter| ; 8 (8)       ; 8            ; 0           ; 0    ; 0 (0)        ; 0 (0)             ; 8 (8)            ; 8 (8)           ; 0 (0)      ; |pacman|pacman_core:core_0|clk_div_n:clk_div_n_ghost_normal|lpm_counter:count_rtl_6|alt_counter_f10ke:wysi_counter ;
;       |clk_div_n:clk_div_n_ghost_slow|       ; 14 (6)      ; 9            ; 0           ; 0    ; 5 (5)        ; 0 (0)             ; 9 (1)            ; 8 (0)           ; 0 (0)      ; |pacman|pacman_core:core_0|clk_div_n:clk_div_n_ghost_slow                                                          ;
;          |lpm_counter:count_rtl_7|           ; 8 (0)       ; 8            ; 0           ; 0    ; 0 (0)        ; 0 (0)             ; 8 (0)            ; 8 (0)           ; 0 (0)      ; |pacman|pacman_core:core_0|clk_div_n:clk_div_n_ghost_slow|lpm_counter:count_rtl_7                                  ;
;             |alt_counter_f10ke:wysi_counter| ; 8 (8)       ; 8            ; 0           ; 0    ; 0 (0)        ; 0 (0)             ; 8 (8)            ; 8 (8)           ; 0 (0)      ; |pacman|pacman_core:core_0|clk_div_n:clk_div_n_ghost_slow|lpm_counter:count_rtl_7|alt_counter_f10ke:wysi_counter   ;
;       |lpm_add_sub:Add0|                     ; 5 (0)       ; 0            ; 0           ; 0    ; 5 (0)        ; 0 (0)             ; 0 (0)            ; 5 (0)           ; 0 (0)      ; |pacman|pacman_core:core_0|lpm_add_sub:Add0                                                                        ;
;          |addcore:adder|                     ; 5 (1)       ; 0            ; 0           ; 0    ; 5 (1)        ; 0 (0)             ; 0 (0)            ; 5 (1)           ; 0 (0)      ; |pacman|pacman_core:core_0|lpm_add_sub:Add0|addcore:adder                                                          ;
;             |a_csnbuffer:result_node|        ; 4 (4)       ; 0            ; 0           ; 0    ; 4 (4)        ; 0 (0)             ; 0 (0)            ; 4 (4)           ; 0 (0)      ; |pacman|pacman_core:core_0|lpm_add_sub:Add0|addcore:adder|a_csnbuffer:result_node                                  ;
;       |lpm_add_sub:Add33|                    ; 9 (0)       ; 0            ; 0           ; 0    ; 9 (0)        ; 0 (0)             ; 0 (0)            ; 9 (0)           ; 0 (0)      ; |pacman|pacman_core:core_0|lpm_add_sub:Add33                                                                       ;
;          |addcore:adder|                     ; 9 (1)       ; 0            ; 0           ; 0    ; 9 (1)        ; 0 (0)             ; 0 (0)            ; 9 (1)           ; 0 (0)      ; |pacman|pacman_core:core_0|lpm_add_sub:Add33|addcore:adder                                                         ;
;             |a_csnbuffer:result_node|        ; 8 (8)       ; 0            ; 0           ; 0    ; 8 (8)        ; 0 (0)             ; 0 (0)            ; 8 (8)           ; 0 (0)      ; |pacman|pacman_core:core_0|lpm_add_sub:Add33|addcore:adder|a_csnbuffer:result_node                                 ;
;       |lpm_add_sub:Add34|                    ; 10 (0)      ; 0            ; 0           ; 0    ; 10 (0)       ; 0 (0)             ; 0 (0)            ; 10 (0)          ; 0 (0)      ; |pacman|pacman_core:core_0|lpm_add_sub:Add34                                                                       ;
;          |addcore:adder|                     ; 10 (1)      ; 0            ; 0           ; 0    ; 10 (1)       ; 0 (0)             ; 0 (0)            ; 10 (1)          ; 0 (0)      ; |pacman|pacman_core:core_0|lpm_add_sub:Add34|addcore:adder                                                         ;
;             |a_csnbuffer:result_node|        ; 9 (9)       ; 0            ; 0           ; 0    ; 9 (9)        ; 0 (0)             ; 0 (0)            ; 9 (9)           ; 0 (0)      ; |pacman|pacman_core:core_0|lpm_add_sub:Add34|addcore:adder|a_csnbuffer:result_node                                 ;
;       |lpm_add_sub:Add35|                    ; 4 (0)       ; 0            ; 0           ; 0    ; 4 (0)        ; 0 (0)             ; 0 (0)            ; 4 (0)           ; 0 (0)      ; |pacman|pacman_core:core_0|lpm_add_sub:Add35                                                                       ;
;          |addcore:adder|                     ; 4 (1)       ; 0            ; 0           ; 0    ; 4 (1)        ; 0 (0)             ; 0 (0)            ; 4 (1)           ; 0 (0)      ; |pacman|pacman_core:core_0|lpm_add_sub:Add35|addcore:adder                                                         ;
;             |a_csnbuffer:result_node|        ; 3 (3)       ; 0            ; 0           ; 0    ; 3 (3)        ; 0 (0)             ; 0 (0)            ; 3 (3)           ; 0 (0)      ; |pacman|pacman_core:core_0|lpm_add_sub:Add35|addcore:adder|a_csnbuffer:result_node                                 ;
;       |lpm_add_sub:Add36|                    ; 4 (0)       ; 0            ; 0           ; 0    ; 4 (0)        ; 0 (0)             ; 0 (0)            ; 4 (0)           ; 0 (0)      ; |pacman|pacman_core:core_0|lpm_add_sub:Add36                                                                       ;
;          |addcore:adder|                     ; 4 (1)       ; 0            ; 0           ; 0    ; 4 (1)        ; 0 (0)             ; 0 (0)            ; 4 (1)           ; 0 (0)      ; |pacman|pacman_core:core_0|lpm_add_sub:Add36|addcore:adder                                                         ;
;             |a_csnbuffer:result_node|        ; 3 (3)       ; 0            ; 0           ; 0    ; 3 (3)        ; 0 (0)             ; 0 (0)            ; 3 (3)           ; 0 (0)      ; |pacman|pacman_core:core_0|lpm_add_sub:Add36|addcore:adder|a_csnbuffer:result_node                                 ;
;       |lpm_add_sub:Add37|                    ; 4 (0)       ; 0            ; 0           ; 0    ; 4 (0)        ; 0 (0)             ; 0 (0)            ; 4 (0)           ; 0 (0)      ; |pacman|pacman_core:core_0|lpm_add_sub:Add37                                                                       ;
;          |addcore:adder|                     ; 4 (1)       ; 0            ; 0           ; 0    ; 4 (1)        ; 0 (0)             ; 0 (0)            ; 4 (1)           ; 0 (0)      ; |pacman|pacman_core:core_0|lpm_add_sub:Add37|addcore:adder                                                         ;
;             |a_csnbuffer:result_node|        ; 3 (3)       ; 0            ; 0           ; 0    ; 3 (3)        ; 0 (0)             ; 0 (0)            ; 3 (3)           ; 0 (0)      ; |pacman|pacman_core:core_0|lpm_add_sub:Add37|addcore:adder|a_csnbuffer:result_node                                 ;
;       |lpm_add_sub:Add38|                    ; 4 (0)       ; 0            ; 0           ; 0    ; 4 (0)        ; 0 (0)             ; 0 (0)            ; 4 (0)           ; 0 (0)      ; |pacman|pacman_core:core_0|lpm_add_sub:Add38                                                                       ;
;          |addcore:adder|                     ; 4 (1)       ; 0            ; 0           ; 0    ; 4 (1)        ; 0 (0)             ; 0 (0)            ; 4 (1)           ; 0 (0)      ; |pacman|pacman_core:core_0|lpm_add_sub:Add38|addcore:adder                                                         ;
;             |a_csnbuffer:result_node|        ; 3 (3)       ; 0            ; 0           ; 0    ; 3 (3)        ; 0 (0)             ; 0 (0)            ; 3 (3)           ; 0 (0)      ; |pacman|pacman_core:core_0|lpm_add_sub:Add38|addcore:adder|a_csnbuffer:result_node                                 ;
;       |lpm_add_sub:Add39|                    ; 4 (0)       ; 0            ; 0           ; 0    ; 4 (0)        ; 0 (0)             ; 0 (0)            ; 4 (0)           ; 0 (0)      ; |pacman|pacman_core:core_0|lpm_add_sub:Add39                                                                       ;
;          |addcore:adder|                     ; 4 (1)       ; 0            ; 0           ; 0    ; 4 (1)        ; 0 (0)             ; 0 (0)            ; 4 (1)           ; 0 (0)      ; |pacman|pacman_core:core_0|lpm_add_sub:Add39|addcore:adder                                                         ;
;             |a_csnbuffer:result_node|        ; 3 (3)       ; 0            ; 0           ; 0    ; 3 (3)        ; 0 (0)             ; 0 (0)            ; 3 (3)           ; 0 (0)      ; |pacman|pacman_core:core_0|lpm_add_sub:Add39|addcore:adder|a_csnbuffer:result_node                                 ;
;       |lpm_add_sub:Add40|                    ; 4 (0)       ; 0            ; 0           ; 0    ; 4 (0)        ; 0 (0)             ; 0 (0)            ; 4 (0)           ; 0 (0)      ; |pacman|pacman_core:core_0|lpm_add_sub:Add40                                                                       ;
;          |addcore:adder|                     ; 4 (1)       ; 0            ; 0           ; 0    ; 4 (1)        ; 0 (0)             ; 0 (0)            ; 4 (1)           ; 0 (0)      ; |pacman|pacman_core:core_0|lpm_add_sub:Add40|addcore:adder                                                         ;
;             |a_csnbuffer:result_node|        ; 3 (3)       ; 0            ; 0           ; 0    ; 3 (3)        ; 0 (0)             ; 0 (0)            ; 3 (3)           ; 0 (0)      ; |pacman|pacman_core:core_0|lpm_add_sub:Add40|addcore:adder|a_csnbuffer:result_node                                 ;
;       |lpm_add_sub:Add41|                    ; 4 (0)       ; 0            ; 0           ; 0    ; 4 (0)        ; 0 (0)             ; 0 (0)            ; 4 (0)           ; 0 (0)      ; |pacman|pacman_core:core_0|lpm_add_sub:Add41                                                                       ;
;          |addcore:adder|                     ; 4 (1)       ; 0            ; 0           ; 0    ; 4 (1)        ; 0 (0)             ; 0 (0)            ; 4 (1)           ; 0 (0)      ; |pacman|pacman_core:core_0|lpm_add_sub:Add41|addcore:adder                                                         ;
;             |a_csnbuffer:result_node|        ; 3 (3)       ; 0            ; 0           ; 0    ; 3 (3)        ; 0 (0)             ; 0 (0)            ; 3 (3)           ; 0 (0)      ; |pacman|pacman_core:core_0|lpm_add_sub:Add41|addcore:adder|a_csnbuffer:result_node                                 ;
;       |lpm_add_sub:Add42|                    ; 4 (0)       ; 0            ; 0           ; 0    ; 4 (0)        ; 0 (0)             ; 0 (0)            ; 4 (0)           ; 0 (0)      ; |pacman|pacman_core:core_0|lpm_add_sub:Add42                                                                       ;
;          |addcore:adder|                     ; 4 (1)       ; 0            ; 0           ; 0    ; 4 (1)        ; 0 (0)             ; 0 (0)            ; 4 (1)           ; 0 (0)      ; |pacman|pacman_core:core_0|lpm_add_sub:Add42|addcore:adder                                                         ;
;             |a_csnbuffer:result_node|        ; 3 (3)       ; 0            ; 0           ; 0    ; 3 (3)        ; 0 (0)             ; 0 (0)            ; 3 (3)           ; 0 (0)      ; |pacman|pacman_core:core_0|lpm_add_sub:Add42|addcore:adder|a_csnbuffer:result_node                                 ;
;       |lpm_add_sub:Add44|                    ; 9 (0)       ; 0            ; 0           ; 0    ; 9 (0)        ; 0 (0)             ; 0 (0)            ; 9 (0)           ; 0 (0)      ; |pacman|pacman_core:core_0|lpm_add_sub:Add44                                                                       ;
;          |addcore:adder|                     ; 9 (1)       ; 0            ; 0           ; 0    ; 9 (1)        ; 0 (0)             ; 0 (0)            ; 9 (1)           ; 0 (0)      ; |pacman|pacman_core:core_0|lpm_add_sub:Add44|addcore:adder                                                         ;
;             |a_csnbuffer:result_node|        ; 8 (8)       ; 0            ; 0           ; 0    ; 8 (8)        ; 0 (0)             ; 0 (0)            ; 8 (8)           ; 0 (0)      ; |pacman|pacman_core:core_0|lpm_add_sub:Add44|addcore:adder|a_csnbuffer:result_node                                 ;
;       |lpm_add_sub:Add45|                    ; 9 (0)       ; 0            ; 0           ; 0    ; 9 (0)        ; 0 (0)             ; 0 (0)            ; 0 (0)           ; 0 (0)      ; |pacman|pacman_core:core_0|lpm_add_sub:Add45                                                                       ;
;          |addcore:adder|                     ; 9 (0)       ; 0            ; 0           ; 0    ; 9 (0)        ; 0 (0)             ; 0 (0)            ; 0 (0)           ; 0 (0)      ; |pacman|pacman_core:core_0|lpm_add_sub:Add45|addcore:adder                                                         ;
;             |a_csnbuffer:result_node|        ; 9 (9)       ; 0            ; 0           ; 0    ; 9 (9)        ; 0 (0)             ; 0 (0)            ; 0 (0)           ; 0 (0)      ; |pacman|pacman_core:core_0|lpm_add_sub:Add45|addcore:adder|a_csnbuffer:result_node                                 ;
;       |lpm_add_sub:Add46|                    ; 9 (0)       ; 0            ; 0           ; 0    ; 9 (0)        ; 0 (0)             ; 0 (0)            ; 0 (0)           ; 0 (0)      ; |pacman|pacman_core:core_0|lpm_add_sub:Add46                                                                       ;
;          |addcore:adder|                     ; 9 (1)       ; 0            ; 0           ; 0    ; 9 (1)        ; 0 (0)             ; 0 (0)            ; 0 (0)           ; 0 (0)      ; |pacman|pacman_core:core_0|lpm_add_sub:Add46|addcore:adder                                                         ;
;             |a_csnbuffer:result_node|        ; 8 (8)       ; 0            ; 0           ; 0    ; 8 (8)        ; 0 (0)             ; 0 (0)            ; 0 (0)           ; 0 (0)      ; |pacman|pacman_core:core_0|lpm_add_sub:Add46|addcore:adder|a_csnbuffer:result_node                                 ;
;       |lpm_add_sub:Add47|                    ; 9 (0)       ; 0            ; 0           ; 0    ; 9 (0)        ; 0 (0)             ; 0 (0)            ; 9 (0)           ; 0 (0)      ; |pacman|pacman_core:core_0|lpm_add_sub:Add47                                                                       ;
;          |addcore:adder|                     ; 9 (1)       ; 0            ; 0           ; 0    ; 9 (1)        ; 0 (0)             ; 0 (0)            ; 9 (1)           ; 0 (0)      ; |pacman|pacman_core:core_0|lpm_add_sub:Add47|addcore:adder                                                         ;
;             |a_csnbuffer:result_node|        ; 8 (8)       ; 0            ; 0           ; 0    ; 8 (8)        ; 0 (0)             ; 0 (0)            ; 8 (8)           ; 0 (0)      ; |pacman|pacman_core:core_0|lpm_add_sub:Add47|addcore:adder|a_csnbuffer:result_node                                 ;
;       |lpm_add_sub:Add4|                     ; 11 (0)      ; 0            ; 0           ; 0    ; 11 (0)       ; 0 (0)             ; 0 (0)            ; 0 (0)           ; 0 (0)      ; |pacman|pacman_core:core_0|lpm_add_sub:Add4                                                                        ;
;          |addcore:adder|                     ; 11 (0)      ; 0            ; 0           ; 0    ; 11 (0)       ; 0 (0)             ; 0 (0)            ; 0 (0)           ; 0 (0)      ; |pacman|pacman_core:core_0|lpm_add_sub:Add4|addcore:adder                                                          ;
;             |a_csnbuffer:result_node|        ; 11 (11)     ; 0            ; 0           ; 0    ; 11 (11)      ; 0 (0)             ; 0 (0)            ; 0 (0)           ; 0 (0)      ; |pacman|pacman_core:core_0|lpm_add_sub:Add4|addcore:adder|a_csnbuffer:result_node                                  ;
;       |lpm_add_sub:Add5|                     ; 9 (0)       ; 0            ; 0           ; 0    ; 9 (0)        ; 0 (0)             ; 0 (0)            ; 0 (0)           ; 0 (0)      ; |pacman|pacman_core:core_0|lpm_add_sub:Add5                                                                        ;
;          |addcore:adder|                     ; 9 (1)       ; 0            ; 0           ; 0    ; 9 (1)        ; 0 (0)             ; 0 (0)            ; 0 (0)           ; 0 (0)      ; |pacman|pacman_core:core_0|lpm_add_sub:Add5|addcore:adder                                                          ;
;             |a_csnbuffer:result_node|        ; 8 (8)       ; 0            ; 0           ; 0    ; 8 (8)        ; 0 (0)             ; 0 (0)            ; 0 (0)           ; 0 (0)      ; |pacman|pacman_core:core_0|lpm_add_sub:Add5|addcore:adder|a_csnbuffer:result_node                                  ;
;       |lpm_add_sub:Add6|                     ; 9 (0)       ; 0            ; 0           ; 0    ; 9 (0)        ; 0 (0)             ; 0 (0)            ; 9 (0)           ; 0 (0)      ; |pacman|pacman_core:core_0|lpm_add_sub:Add6                                                                        ;
;          |addcore:adder|                     ; 9 (1)       ; 0            ; 0           ; 0    ; 9 (1)        ; 0 (0)             ; 0 (0)            ; 9 (1)           ; 0 (0)      ; |pacman|pacman_core:core_0|lpm_add_sub:Add6|addcore:adder                                                          ;
;             |a_csnbuffer:result_node|        ; 8 (8)       ; 0            ; 0           ; 0    ; 8 (8)        ; 0 (0)             ; 0 (0)            ; 8 (8)           ; 0 (0)      ; |pacman|pacman_core:core_0|lpm_add_sub:Add6|addcore:adder|a_csnbuffer:result_node                                  ;
;       |lpm_add_sub:Add7|                     ; 7 (0)       ; 0            ; 0           ; 0    ; 7 (0)        ; 0 (0)             ; 0 (0)            ; 7 (0)           ; 0 (0)      ; |pacman|pacman_core:core_0|lpm_add_sub:Add7                                                                        ;
;          |addcore:adder|                     ; 7 (1)       ; 0            ; 0           ; 0    ; 7 (1)        ; 0 (0)             ; 0 (0)            ; 7 (1)           ; 0 (0)      ; |pacman|pacman_core:core_0|lpm_add_sub:Add7|addcore:adder                                                          ;
;             |a_csnbuffer:result_node|        ; 6 (6)       ; 0            ; 0           ; 0    ; 6 (6)        ; 0 (0)             ; 0 (0)            ; 6 (6)           ; 0 (0)      ; |pacman|pacman_core:core_0|lpm_add_sub:Add7|addcore:adder|a_csnbuffer:result_node                                  ;
;       |lpm_add_sub:Add8|                     ; 7 (0)       ; 0            ; 0           ; 0    ; 7 (0)        ; 0 (0)             ; 0 (0)            ; 7 (0)           ; 0 (0)      ; |pacman|pacman_core:core_0|lpm_add_sub:Add8                                                                        ;
;          |addcore:adder|                     ; 7 (1)       ; 0            ; 0           ; 0    ; 7 (1)        ; 0 (0)             ; 0 (0)            ; 7 (1)           ; 0 (0)      ; |pacman|pacman_core:core_0|lpm_add_sub:Add8|addcore:adder                                                          ;
;             |a_csnbuffer:result_node|        ; 6 (6)       ; 0            ; 0           ; 0    ; 6 (6)        ; 0 (0)             ; 0 (0)            ; 6 (6)           ; 0 (0)      ; |pacman|pacman_core:core_0|lpm_add_sub:Add8|addcore:adder|a_csnbuffer:result_node                                  ;
;       |lpm_add_sub:Add9|                     ; 7 (0)       ; 0            ; 0           ; 0    ; 7 (0)        ; 0 (0)             ; 0 (0)            ; 7 (0)           ; 0 (0)      ; |pacman|pacman_core:core_0|lpm_add_sub:Add9                                                                        ;
;          |addcore:adder|                     ; 7 (1)       ; 0            ; 0           ; 0    ; 7 (1)        ; 0 (0)             ; 0 (0)            ; 7 (1)           ; 0 (0)      ; |pacman|pacman_core:core_0|lpm_add_sub:Add9|addcore:adder                                                          ;
;             |a_csnbuffer:result_node|        ; 6 (6)       ; 0            ; 0           ; 0    ; 6 (6)        ; 0 (0)             ; 0 (0)            ; 6 (6)           ; 0 (0)      ; |pacman|pacman_core:core_0|lpm_add_sub:Add9|addcore:adder|a_csnbuffer:result_node                                  ;
;       |lpm_ram_dq:ram_0|                     ; 0 (0)       ; 0            ; 2700        ; 0    ; 0 (0)        ; 0 (0)             ; 0 (0)            ; 0 (0)           ; 0 (0)      ; |pacman|pacman_core:core_0|lpm_ram_dq:ram_0                                                                        ;
;          |altram:sram|                       ; 0 (0)       ; 0            ; 2700        ; 0    ; 0 (0)        ; 0 (0)             ; 0 (0)            ; 0 (0)           ; 0 (0)      ; |pacman|pacman_core:core_0|lpm_ram_dq:ram_0|altram:sram                                                            ;
;       |lpm_rom:bitmap_0|                     ; 0 (0)       ; 0            ; 2048        ; 0    ; 0 (0)        ; 0 (0)             ; 0 (0)            ; 0 (0)           ; 0 (0)      ; |pacman|pacman_core:core_0|lpm_rom:bitmap_0                                                                        ;
;          |altrom:srom|                       ; 0 (0)       ; 0            ; 2048        ; 0    ; 0 (0)        ; 0 (0)             ; 0 (0)            ; 0 (0)           ; 0 (0)      ; |pacman|pacman_core:core_0|lpm_rom:bitmap_0|altrom:srom                                                            ;
;       |lpm_rom:bitmap_1|                     ; 0 (0)       ; 0            ; 1024        ; 0    ; 0 (0)        ; 0 (0)             ; 0 (0)            ; 0 (0)           ; 0 (0)      ; |pacman|pacman_core:core_0|lpm_rom:bitmap_1                                                                        ;
;          |altrom:srom|                       ; 0 (0)       ; 0            ; 1024        ; 0    ; 0 (0)        ; 0 (0)             ; 0 (0)            ; 0 (0)           ; 0 (0)      ; |pacman|pacman_core:core_0|lpm_rom:bitmap_1|altrom:srom                                                            ;
;       |lpm_rom:bitmap_2|                     ; 0 (0)       ; 0            ; 2048        ; 0    ; 0 (0)        ; 0 (0)             ; 0 (0)            ; 0 (0)           ; 0 (0)      ; |pacman|pacman_core:core_0|lpm_rom:bitmap_2                                                                        ;
;          |altrom:srom|                       ; 0 (0)       ; 0            ; 2048        ; 0    ; 0 (0)        ; 0 (0)             ; 0 (0)            ; 0 (0)           ; 0 (0)      ; |pacman|pacman_core:core_0|lpm_rom:bitmap_2|altrom:srom                                                            ;
;       |lpm_rom:bitmap_font|                  ; 0 (0)       ; 0            ; 2048        ; 0    ; 0 (0)        ; 0 (0)             ; 0 (0)            ; 0 (0)           ; 0 (0)      ; |pacman|pacman_core:core_0|lpm_rom:bitmap_font                                                                     ;
;          |altrom:srom|                       ; 0 (0)       ; 0            ; 2048        ; 0    ; 0 (0)        ; 0 (0)             ; 0 (0)            ; 0 (0)           ; 0 (0)      ; |pacman|pacman_core:core_0|lpm_rom:bitmap_font|altrom:srom                                                         ;
;       |lpm_rom:rom_0|                        ; 0 (0)       ; 0            ; 2700        ; 0    ; 0 (0)        ; 0 (0)             ; 0 (0)            ; 0 (0)           ; 0 (0)      ; |pacman|pacman_core:core_0|lpm_rom:rom_0                                                                           ;
;          |altrom:srom|                       ; 0 (0)       ; 0            ; 2700        ; 0    ; 0 (0)        ; 0 (0)             ; 0 (0)            ; 0 (0)           ; 0 (0)      ; |pacman|pacman_core:core_0|lpm_rom:rom_0|altrom:srom                                                               ;
+----------------------------------------------+-------------+--------------+-------------+------+--------------+-------------------+------------------+-----------------+------------+--------------------------------------------------------------------------------------------------------------------+
Note: For table entries with two numbers listed, the numbers in parentheses indicate the number of resources of the given type used by the specific entity alone. The numbers listed outside of parentheses indicate the total resources of the given type used by the specific entity and all of its sub-entities in the hierarchy.


+-------------------------------------------+
; Delay Chain Summary                       ;
+------------------+----------+-------------+
; Name             ; Pin Type ; Pad to Core ;
+------------------+----------+-------------+
; clk_25MHz        ; Input    ; OFF         ;
; reset_n          ; Input    ; OFF         ;
; game_controls[4] ; Input    ; OFF         ;
; game_speed[1]    ; Input    ; OFF         ;
; game_speed[0]    ; Input    ; OFF         ;
; game_controls[0] ; Input    ; OFF         ;
; game_controls[1] ; Input    ; OFF         ;
; game_controls[3] ; Input    ; OFF         ;
; game_controls[2] ; Input    ; OFF         ;
; horz_sync        ; Output   ; OFF         ;
; vert_sync        ; Output   ; OFF         ;
; red              ; Output   ; OFF         ;
; green            ; Output   ; OFF         ;
; blue             ; Output   ; OFF         ;
; display[0]       ; Output   ; OFF         ;
; display[1]       ; Output   ; OFF         ;
; display[2]       ; Output   ; OFF         ;
; display[3]       ; Output   ; OFF         ;
; display[4]       ; Output   ; OFF         ;
; display[5]       ; Output   ; OFF         ;
; display[6]       ; Output   ; OFF         ;
; display[7]       ; Output   ; OFF         ;
; display[8]       ; Output   ; OFF         ;
; display[9]       ; Output   ; OFF         ;
; display[10]      ; Output   ; OFF         ;
; display[11]      ; Output   ; OFF         ;
; display[12]      ; Output   ; OFF         ;
; display[13]      ; Output   ; OFF         ;
+------------------+----------+-------------+


+---------------------------------------------------------------------------------------------------------------------------------------------------------------------------------------------------------------------------------------------------------------------------------------------------------------------+
; Fitter RAM Summary                                                                                                                                                                                                                                                                                                  ;
+------------------------------------------------------------+-------------+------------+--------------+--------------+--------------+--------------+------------------------+-------------------------+------------------------+-------------------------+------+------+------------------------------+--------------+
; Name                                                       ; Mode        ; Clock Mode ; Port A Depth ; Port A Width ; Port B Depth ; Port B Width ; Port A Input Registers ; Port A Output Registers ; Port B Input Registers ; Port B Output Registers ; Size ; EABs ; MIF                          ; Location     ;
+------------------------------------------------------------+-------------+------------+--------------+--------------+--------------+--------------+------------------------+-------------------------+------------------------+-------------------------+------+------+------------------------------+--------------+
; pacman_core:core_0|lpm_ram_dq:ram_0|altram:sram|content    ; Single Port ;            ; 900          ; 3            ; --           ; --           ; no                     ; no                      ; --                     ; --                      ; 2700 ; 2    ; none                         ; ESB_I, ESB_H ;
; pacman_core:core_0|lpm_rom:bitmap_0|altrom:srom|content    ; ROM         ;            ; 1024         ; 2            ; --           ; --           ; no                     ; no                      ; --                     ; --                      ; 2048 ; 2    ; background\\pacman_cells.hex ; ESB_A, ESB_B ;
; pacman_core:core_0|lpm_rom:bitmap_1|altrom:srom|content    ; ROM         ;            ; 1024         ; 1            ; --           ; --           ; no                     ; no                      ; --                     ; --                      ; 1024 ; 1    ; sprites\\pacman.hex          ; ESB_D        ;
; pacman_core:core_0|lpm_rom:bitmap_2|altrom:srom|content    ; ROM         ;            ; 1024         ; 2            ; --           ; --           ; no                     ; no                      ; --                     ; --                      ; 2048 ; 2    ; sprites\\blue_ghost.hex      ; ESB_B, ESB_A ;
; pacman_core:core_0|lpm_rom:bitmap_font|altrom:srom|content ; ROM         ;            ; 2304         ; 1            ; --           ; --           ; no                     ; no                      ; --                     ; --                      ; 2304 ; 1    ; sprites\\font.hex            ; ESB_F        ;
; pacman_core:core_0|lpm_rom:rom_0|altrom:srom|content       ; ROM         ;            ; 900          ; 3            ; --           ; --           ; no                     ; no                      ; --                     ; --                      ; 2700 ; 2    ; maps\\map_01.hex             ; ESB_G, ESB_E ;
+------------------------------------------------------------+-------------+------------+--------------+--------------+--------------+--------------+------------------------+-------------------------+------------------------+-------------------------+------+------+------------------------------+--------------+
Note: Fitter may spread logical memories into multiple blocks to improve timing. The actual required RAM blocks can be found in the Fitter Resource Usage section.


+--------------+
; Pin-Out File ;
+--------------+
The pin-out file can be found in C:/Documents and Settings/ra030845/Desktop/Pacman/pacman.pin.


+-----------------+
; Fitter Messages ;
+-----------------+
Info: *******************************************************************
Info: Running Quartus II Fitter
    Info: Version 6.1 Build 201 11/27/2006 SJ Full Version
    Info: Processing started: Tue Aug 28 23:34:21 2007
Info: Command: quartus_fit --read_settings_files=off --write_settings_files=off pacman -c pacman
Info: Selected device EPF10K70RC240-4 for design "pacman"
Info: Design contains non-registered write enable "pacman_core:core_0|lpm_ram_dq:ram_0|altram:sram|q[2]". Random data may be written to it during initialization.
Info: Design contains non-registered write enable "pacman_core:core_0|lpm_ram_dq:ram_0|altram:sram|q[1]". Random data may be written to it during initialization.
Info: Design contains non-registered write enable "pacman_core:core_0|lpm_ram_dq:ram_0|altram:sram|q[0]". Random data may be written to it during initialization.
Info: Fitter is using the Classic Timing Analyzer
Info: Timing requirements not specified -- optimizing circuit to achieve the following default global requirements
    Info: Assuming a global fmax requirement of 1000 MHz
    Info: Not setting a global tsu requirement
    Info: Not setting a global tco requirement
    Info: Not setting a global tpd requirement
Info: Inserted 0 logic cells in first fitting attempt
Info: Started fitting attempt 1 on Tue Aug 28 2007 at 23:35:20
Info: Fitter placement preparation operations beginning
Info: Fitter placement preparation operations ending: elapsed time is 00:00:31
Info: Fitter placement operations beginning
Info: Fitter placement operations ending: elapsed time is 00:02:10
Info: Fitter routing operations beginning
Info: Fitter routing operations ending: elapsed time is 00:00:08
Info: Quartus II Fitter was successful. 0 errors, 0 warnings
    Info: Allocated 173 megabytes of memory during processing
    Info: Processing ended: Tue Aug 28 23:38:18 2007
    Info: Elapsed time: 00:03:57


